<?xml version="1.0" encoding="UTF-8"?>
<testng-results ignored="0" total="2" passed="2" failed="0" skipped="0">
  <reporter-output>
  </reporter-output>
  <suite started-at="2023-02-10T13:03:33 IST" name="Default suite" finished-at="2023-02-10T13:03:33 IST" duration-ms="78">
    <groups>
    </groups>
    <test started-at="2023-02-10T13:03:33 IST" name="Default test" finished-at="2023-02-10T13:03:33 IST" duration-ms="78">
      <class name="TestNG_Practice.CongoSequence">
        <test-method is-config="true" signature="firstOne()[pri:0, instance:TestNG_Practice.CongoSequence@5876a9af]" started-at="2023-02-10T13:03:33 IST" name="firstOne" finished-at="2023-02-10T13:03:33 IST" duration-ms="10" status="PASS">
          <reporter-output>
          </reporter-output>
        </test-method> <!-- firstOne -->
        <test-method is-config="true" signature="firstOne2()[pri:0, instance:TestNG_Practice.CongoSequence@5876a9af]" started-at="2023-02-10T13:03:33 IST" name="firstOne2" finished-at="2023-02-10T13:03:33 IST" duration-ms="1" status="PASS">
          <reporter-output>
          </reporter-output>
        </test-method> <!-- firstOne2 -->
        <test-method signature="secondOne()[pri:0, instance:TestNG_Practice.CongoSequence@5876a9af]" started-at="2023-02-10T13:03:33 IST" name="secondOne" finished-at="2023-02-10T13:03:33 IST" duration-ms="9" status="PASS">
          <reporter-output>
          </reporter-output>
        </test-method> <!-- secondOne -->
        <test-method is-config="true" signature="firstOne1()[pri:0, instance:TestNG_Practice.CongoSequence@5876a9af]" started-at="2023-02-10T13:03:33 IST" name="firstOne1" finished-at="2023-02-10T13:03:33 IST" duration-ms="1" status="PASS">
          <reporter-output>
          </reporter-output>
        </test-method> <!-- firstOne1 -->
        <test-method is-config="true" signature="firstOne2()[pri:0, instance:TestNG_Practice.CongoSequence@5876a9af]" started-at="2023-02-10T13:03:33 IST" name="firstOne2" finished-at="2023-02-10T13:03:33 IST" duration-ms="0" status="PASS">
          <reporter-output>
          </reporter-output>
        </test-method> <!-- firstOne2 -->
        <test-method signature="thirdOne()[pri:0, instance:TestNG_Practice.CongoSequence@5876a9af]" started-at="2023-02-10T13:03:33 IST" name="thirdOne" finished-at="2023-02-10T13:03:33 IST" duration-ms="3" status="PASS">
          <reporter-output>
          </reporter-output>
        </test-method> <!-- thirdOne -->
        <test-method is-config="true" signature="firstOne1()[pri:0, instance:TestNG_Practice.CongoSequence@5876a9af]" started-at="2023-02-10T13:03:33 IST" name="firstOne1" finished-at="2023-02-10T13:03:33 IST" duration-ms="0" status="PASS">
          <reporter-output>
          </reporter-output>
        </test-method> <!-- firstOne1 -->
        <test-method is-config="true" signature="thirdOne1()[pri:0, instance:TestNG_Practice.CongoSequence@5876a9af]" started-at="2023-02-10T13:03:33 IST" name="thirdOne1" finished-at="2023-02-10T13:03:33 IST" duration-ms="1" status="PASS">
          <reporter-output>
          </reporter-output>
        </test-method> <!-- thirdOne1 -->
      </class> <!-- TestNG_Practice.CongoSequence -->
    </test> <!-- Default test -->
  </suite> <!-- Default suite -->
</testng-results>
